<?xml version="1.0" encoding="UTF-8"?>
<!-- Generated by org.testng.reporters.JUnitXMLReporter -->
<testsuite ignored="0" hostname="Ratin-PC" failures="1" tests="1" name="IndexPage" time="99.545" errors="0" timestamp="2022-02-01T11:55:30 IST">
  <testcase classname="com.mystore.testscripts.IndexPageTest" name="verifyTitle" time="0.279">
    <failure type="java.lang.AssertionError" message="expected [null] but found [automationpractice.com]">
      <![CDATA[java.lang.AssertionError: expected [null] but found [automationpractice.com]
at com.mystore.testscripts.IndexPageTest.verifyTitle(IndexPageTest.java:44)
at java.base/java.util.ArrayList.forEach(ArrayList.java:1511)
... Removed 33 stack frames]]>
    </failure>
  </testcase> <!-- verifyTitle -->
</testsuite> <!-- IndexPage -->
