<?xml version="1.0" encoding="UTF-8"?>
<!-- Generated by org.testng.reporters.JUnitXMLReporter -->
<testsuite ignored="14" hostname="Ratin-PC" failures="1" tests="9" name="Test_all" time="298.338" errors="0" timestamp="2021-11-29T11:18:44 IST">
  <testcase classname="com.mystore.testscripts.AddToCartPageTest" name="addToCartTest" time="18.057"/>
  <testcase classname="com.mystore.testscripts.OrderPageTest" name="totalPriceTest" time="23.107"/>
  <testcase classname="com.mystore.testscripts.LoginPageTest" name="loginTest" time="7.31"/>
  <testcase classname="com.mystore.testscripts.SearchResultPageTest" name="productAvailablityTest" time="3.089"/>
  <testcase classname="com.mystore.testscripts.AccountCreationTest" name="createAccountPageTest" time="6.952"/>
  <testcase classname="com.mystore.testscripts.HomePageTest" name="orderHistoryandDetailsTest" time="8.259"/>
  <testcase classname="com.mystore.testscripts.HomePageTest" name="wishListTest" time="9.898"/>
  <testcase classname="com.mystore.testscripts.EndToEndTest" name="endToEndTest" time="47.652"/>
  <testcase classname="com.mystore.testscripts.IndexPageTest" name="verifyTitle" time="0.016">
    <failure type="java.lang.AssertionError" message="expected [null] but found [My Store]">
      <![CDATA[java.lang.AssertionError: expected [null] but found [My Store]
at com.mystore.testscripts.IndexPageTest.verifyTitle(IndexPageTest.java:44)
at java.base/java.util.ArrayList.forEach(ArrayList.java:1511)
... Removed 33 stack frames]]>
    </failure>
  </testcase> <!-- verifyTitle -->
  <testcase classname="com.mystore.base.BaseClass" name="@BeforeSuite loadConfig" time="0.0">
    <ignored/>
  </testcase> <!-- @BeforeSuite loadConfig -->
  <testcase classname="com.mystore.base.BaseClass" name="@BeforeSuite loadConfig" time="0.0">
    <ignored/>
  </testcase> <!-- @BeforeSuite loadConfig -->
  <testcase classname="com.mystore.base.BaseClass" name="@BeforeSuite loadConfig" time="0.0">
    <ignored/>
  </testcase> <!-- @BeforeSuite loadConfig -->
  <testcase classname="com.mystore.base.BaseClass" name="@BeforeSuite loadConfig" time="0.0">
    <ignored/>
  </testcase> <!-- @BeforeSuite loadConfig -->
  <testcase classname="com.mystore.base.BaseClass" name="@BeforeSuite loadConfig" time="0.0">
    <ignored/>
  </testcase> <!-- @BeforeSuite loadConfig -->
  <testcase classname="com.mystore.base.BaseClass" name="@BeforeSuite loadConfig" time="0.0">
    <ignored/>
  </testcase> <!-- @BeforeSuite loadConfig -->
  <testcase classname="com.mystore.base.BaseClass" name="@BeforeSuite loadConfig" time="0.0">
    <ignored/>
  </testcase> <!-- @BeforeSuite loadConfig -->
  <testcase classname="com.mystore.base.BaseClass" name="@AfterSuite afterSuite" time="0.0">
    <ignored/>
  </testcase> <!-- @AfterSuite afterSuite -->
  <testcase classname="com.mystore.base.BaseClass" name="@AfterSuite afterSuite" time="0.0">
    <ignored/>
  </testcase> <!-- @AfterSuite afterSuite -->
  <testcase classname="com.mystore.base.BaseClass" name="@AfterSuite afterSuite" time="0.0">
    <ignored/>
  </testcase> <!-- @AfterSuite afterSuite -->
  <testcase classname="com.mystore.base.BaseClass" name="@AfterSuite afterSuite" time="0.0">
    <ignored/>
  </testcase> <!-- @AfterSuite afterSuite -->
  <testcase classname="com.mystore.base.BaseClass" name="@AfterSuite afterSuite" time="0.0">
    <ignored/>
  </testcase> <!-- @AfterSuite afterSuite -->
  <testcase classname="com.mystore.base.BaseClass" name="@AfterSuite afterSuite" time="0.0">
    <ignored/>
  </testcase> <!-- @AfterSuite afterSuite -->
  <testcase classname="com.mystore.base.BaseClass" name="@AfterSuite afterSuite" time="0.0">
    <ignored/>
  </testcase> <!-- @AfterSuite afterSuite -->
</testsuite> <!-- Test_all -->
