<?xml version="1.0" encoding="UTF-8"?>
<!-- Generated by org.testng.reporters.JUnitXMLReporter -->
<testsuite ignored="2" hostname="edde-PC" failures="1" tests="2" name="Test_all(failed)" time="69.03" errors="0" timestamp="2021-11-23T12:57:28 IST">
  <testcase classname="com.mystore.testscripts.AccountCreationTest" name="createAccountPageTest" time="26.16"/>
  <testcase classname="com.mystore.testscripts.IndexPageTest" name="verifyTitle" time="0.019">
    <failure type="java.lang.AssertionError" message="expected [null] but found [My Store]">
      <![CDATA[java.lang.AssertionError: expected [null] but found [My Store]
at com.mystore.testscripts.IndexPageTest.verifyTitle(IndexPageTest.java:44)
at java.base/java.util.ArrayList.forEach(ArrayList.java:1511)
... Removed 33 stack frames]]>
    </failure>
  </testcase> <!-- verifyTitle -->
  <testcase classname="com.mystore.base.BaseClass" name="@BeforeSuite loadConfig" time="0.0">
    <ignored/>
  </testcase> <!-- @BeforeSuite loadConfig -->
  <testcase classname="com.mystore.base.BaseClass" name="@AfterSuite afterSuite" time="0.0">
    <ignored/>
  </testcase> <!-- @AfterSuite afterSuite -->
</testsuite> <!-- Test_all(failed) -->
